0 silly argv { _: [ 'run' ],
0 silly argv   progress: false,
0 silly argv   sort: true,
0 silly argv   ci: false,
0 silly argv   private: true,
0 silly argv   loglevel: 'info',
0 silly argv   lernaVersion: '3.0.4',
0 silly argv   '$0': 'node_modules/.bin/lerna',
0 silly argv   script: 'build' }
1 info version 3.0.4
2 verbose rootPath /home/thangpham/Documents/Working_Space/Private_Project/micro-front-end
3 silly batched [ PackageGraphNode {
3 silly batched     name: 'micro-front-end',
3 silly batched     externalDependencies:
3 silly batched      Map {
3 silly batched        'compression-webpack-plugin' => [Object],
3 silly batched        'css-loader' => [Object],
3 silly batched        'extract-text-webpack-plugin' => [Object],
3 silly batched        'html-loader' => [Object],
3 silly batched        'lerna' => [Object],
3 silly batched        'raw-loader' => [Object],
3 silly batched        'style-loader' => [Object],
3 silly batched        'uglifyjs-webpack-plugin' => [Object],
3 silly batched        'webpack' => [Object],
3 silly batched        'webpack-cli' => [Object],
3 silly batched        'bootstrap' => [Object] },
3 silly batched     localDependencies: Map {},
3 silly batched     localDependents: Map {} },
3 silly batched   PackageGraphNode {
3 silly batched     name: 'angular-fragment',
3 silly batched     externalDependencies:
3 silly batched      Map {
3 silly batched        '@angular/compiler-cli' => [Object],
3 silly batched        '@ngtools/webpack' => [Object],
3 silly batched        'typescript' => [Object],
3 silly batched        '@angular/common' => [Object],
3 silly batched        '@angular/compiler' => [Object],
3 silly batched        '@angular/core' => [Object],
3 silly batched        '@angular/elements' => [Object],
3 silly batched        '@angular/platform-browser' => [Object],
3 silly batched        '@angular/platform-browser-dynamic' => [Object],
3 silly batched        '@webcomponents/custom-elements' => [Object],
3 silly batched        'core-js' => [Object],
3 silly batched        'rxjs' => [Object],
3 silly batched        'zone.js' => [Object] },
3 silly batched     localDependencies: Map {},
3 silly batched     localDependents: Map {} } ]
4 silly npmRunScript build [] micro-front-end
5 silly getExecOpts /home/thangpham/Documents/Working_Space/Private_Project/micro-front-end undefined
6 silly npmRunScript build [] angular-fragment
7 silly getExecOpts /home/thangpham/Documents/Working_Space/Private_Project/micro-front-end/src/angular-fragment undefined
8 error Error: Command failed: yarn run build
8 error
8 error     at makeError (/home/thangpham/Documents/Working_Space/Private_Project/micro-front-end/node_modules/execa/index.js:172:9)
8 error     at Promise.all.then.arr (/home/thangpham/Documents/Working_Space/Private_Project/micro-front-end/node_modules/execa/index.js:277:16)
8 error     at <anonymous>
